{"name": "Add Products and Generate Invoice in IMS Application", "status": "failed", "statusDetails": {"message": "Failed: ‚ùå Purchase Invoice test failed due to: Message:", "trace": "setup = <selenium.webdriver.chrome.webdriver.WebDriver (session=\"770a64c266e3d4d69e261ce7c1222bad\")>\n\n    @allure.title(\"Add Products and Generate Invoice in IMS Application\")\n    @allure.description(\"Logs in, navigates to Product Master, adds 10 products, and generates a purchase invoice.\")\n    def test_generate_purchase_invoice(setup):\n        driver = setup\n        wait = WebDriverWait(driver, 30)\n        login = Login(driver)\n    \n        try:\n            # --- Step 1: Login ---\n            driver.get(\"https://redmiims.variantqa.himshang.com.np/#/login\")\n            login.perform_login(\"Paras\", \"Ims@1234\")\n            print(\"‚úÖ Logged into IMS\")\n    \n            # Optional: handle logout from previous session\n            try:\n                login.perform_logout()\n                login.perform_ok()\n            except Exception:\n                pass\n    \n            login.click_signin()\n            print(\"‚úÖ Clicked Sign In\")\n    \n            invoice_page = PurchaseInvoicePage(driver)\n    \n            # --- Step 1: Navigate and Generate Invoice ---\n>           invoice_page.generate_invoice()\n\nPYTEST\\tests\\Purchase_Inv_test.py:35: \n_ _ _ _ _ _ _ _ _ _ _ _ _ _ _ _ _ _ _ _ _ _ _ _ _ _ _ _ _ _ _ _ _ _ _ _ _ _ _ _ _ _ _ _ _ _ _ _ _ _ _ _ _ _ _ _ _ _ _ _ _ _ _ _ _ _ _ _ _ _ _ _ _ _ _ _ _ _ _ _ _ _ _ _ _ _ _ _ _ _\nPYTEST\\pages\\Purchase_Invoice.py:85: in generate_invoice\n    save_invoice_btn = wait.until(\n_ _ _ _ _ _ _ _ _ _ _ _ _ _ _ _ _ _ _ _ _ _ _ _ _ _ _ _ _ _ _ _ _ _ _ _ _ _ _ _ _ _ _ _ _ _ _ _ _ _ _ _ _ _ _ _ _ _ _ _ _ _ _ _ _ _ _ _ _ _ _ _ _ _ _ _ _ _ _ _ _ _ _ _ _ _ _ _ _ _\n\nself = <selenium.webdriver.support.wait.WebDriverWait (session=\"770a64c266e3d4d69e261ce7c1222bad\")>\nmethod = <function element_to_be_clickable.<locals>._predicate at 0x000002878518B240>, message = ''\n\n    def until(self, method: Callable[[D], Union[Literal[False], T]], message: str = \"\") -> T:\n        \"\"\"Wait until the method returns a value that is not False.\n    \n        Calls the method provided with the driver as an argument until the\n        return value does not evaluate to ``False``.\n    \n        Parameters:\n        -----------\n        method: callable(WebDriver)\n            - A callable object that takes a WebDriver instance as an argument.\n    \n        message: str\n            - Optional message for :exc:`TimeoutException`\n    \n        Return:\n        -------\n        object: T\n            - The result of the last call to `method`\n    \n        Raises:\n        -------\n        TimeoutException\n            - If 'method' does not return a truthy value within the WebDriverWait\n            object's timeout\n    \n        Example:\n        --------\n        >>> from selenium.webdriver.common.by import By\n        >>> from selenium.webdriver.support.ui import WebDriverWait\n        >>> from selenium.webdriver.support import expected_conditions as EC\n    \n        # Wait until an element is visible on the page\n        >>> wait = WebDriverWait(driver, 10)\n        >>> element = wait.until(EC.visibility_of_element_located((By.ID, \"exampleId\")))\n        >>> print(element.text)\n        \"\"\"\n        screen = None\n        stacktrace = None\n    \n        end_time = time.monotonic() + self._timeout\n        while True:\n            try:\n                value = method(self._driver)\n                if value:\n                    return value\n            except self._ignored_exceptions as exc:\n                screen = getattr(exc, \"screen\", None)\n                stacktrace = getattr(exc, \"stacktrace\", None)\n            if time.monotonic() > end_time:\n                break\n            time.sleep(self._poll)\n>       raise TimeoutException(message, screen, stacktrace)\nE       selenium.common.exceptions.TimeoutException: Message:\n\n.venv\\Lib\\site-packages\\selenium\\webdriver\\support\\wait.py:138: TimeoutException\n\nDuring handling of the above exception, another exception occurred:\n\nsetup = <selenium.webdriver.chrome.webdriver.WebDriver (session=\"770a64c266e3d4d69e261ce7c1222bad\")>\n\n    @allure.title(\"Add Products and Generate Invoice in IMS Application\")\n    @allure.description(\"Logs in, navigates to Product Master, adds 10 products, and generates a purchase invoice.\")\n    def test_generate_purchase_invoice(setup):\n        driver = setup\n        wait = WebDriverWait(driver, 30)\n        login = Login(driver)\n    \n        try:\n            # --- Step 1: Login ---\n            driver.get(\"https://redmiims.variantqa.himshang.com.np/#/login\")\n            login.perform_login(\"Paras\", \"Ims@1234\")\n            print(\"‚úÖ Logged into IMS\")\n    \n            # Optional: handle logout from previous session\n            try:\n                login.perform_logout()\n                login.perform_ok()\n            except Exception:\n                pass\n    \n            login.click_signin()\n            print(\"‚úÖ Clicked Sign In\")\n    \n            invoice_page = PurchaseInvoicePage(driver)\n    \n            # --- Step 1: Navigate and Generate Invoice ---\n            invoice_page.generate_invoice()\n            print(\"üßæ Purchase invoice generated successfully.\")\n    \n        except Exception as e:\n            # Capture screenshot and log error details for Allure\n            allure.attach(driver.get_screenshot_as_png(), name=\"Error Screenshot\",\n                          attachment_type=allure.attachment_type.PNG)\n            allure.attach(str(e), name=\"Error Details\", attachment_type=allure.attachment_type.TEXT)\n>           pytest.fail(f\"‚ùå Purchase Invoice test failed due to: {e}\")\nE           Failed: ‚ùå Purchase Invoice test failed due to: Message:\n\nPYTEST\\tests\\Purchase_Inv_test.py:43: Failed"}, "description": "Logs in, navigates to Product Master, adds 10 products, and generates a purchase invoice.", "steps": [{"name": "Generate purchase invoice from CSV products", "status": "broken", "statusDetails": {"message": "selenium.common.exceptions.TimeoutException: Message: \n\n", "trace": "  File \"d:\\Code Playground\\Selenium Tutorial\\.venv\\Lib\\site-packages\\allure_commons\\_allure.py\", line 202, in impl\n    return func(*a, **kw)\n  File \"D:\\Code Playground\\Selenium Tutorial\\PYTEST\\pages\\Purchase_Invoice.py\", line 85, in generate_invoice\n    save_invoice_btn = wait.until(\n        EC.element_to_be_clickable((By.XPATH, \"//button[contains(@class,'btn-info') and contains(text(),'SAVE')]\"))\n    )\n  File \"d:\\Code Playground\\Selenium Tutorial\\.venv\\Lib\\site-packages\\selenium\\webdriver\\support\\wait.py\", line 138, in until\n    raise TimeoutException(message, screen, stacktrace)\n"}, "start": 1761910117524, "stop": 1761910155556}], "attachments": [{"name": "Error Screenshot", "source": "9ab88577-42f7-4c50-b3ea-3c06413aa449-attachment.png", "type": "image/png"}, {"name": "Error Details", "source": "82a585c9-e163-4ed3-bf8a-1cd798e843f0-attachment.txt", "type": "text/plain"}, {"name": "Screenshot_test_generate_purchase_invoice", "source": "7c0e4fa9-ecc8-4850-98b4-988b602f4d3f-attachment.png", "type": "image/png"}], "start": 1761910104688, "stop": 1761910155760, "uuid": "bebe0413-0310-4ba8-a7dd-e871bf1de1f2", "historyId": "bb6aeb3ebb9b82bca2a2d982c322c3ae", "testCaseId": "bb6aeb3ebb9b82bca2a2d982c322c3ae", "fullName": "PYTEST.tests.Purchase_Inv_test#test_generate_purchase_invoice", "labels": [{"name": "parentSuite", "value": "PYTEST.tests"}, {"name": "suite", "value": "Purchase_Inv_test"}, {"name": "host", "value": "DESKTOP-FK66NC3"}, {"name": "thread", "value": "17364-MainThread"}, {"name": "framework", "value": "pytest"}, {"name": "language", "value": "cpython3"}, {"name": "package", "value": "PYTEST.tests.Purchase_Inv_test"}], "titlePath": ["PYTEST", "tests", "Purchase_Inv_test.py"]}